0 info it worked if it ends with ok
1 verbose cli [ '/usr/local/Cellar/node/5.5.0/bin/node',
1 verbose cli   '/usr/local/bin/npm',
1 verbose cli   'run',
1 verbose cli   'watch' ]
2 info using npm@3.5.3
3 info using node@v5.5.0
4 verbose run-script [ 'prewatch', 'watch', 'postwatch' ]
5 info lifecycle moveclasstofile@0.0.1~prewatch: moveclasstofile@0.0.1
6 silly lifecycle moveclasstofile@0.0.1~prewatch: no script for prewatch, continuing
7 info lifecycle moveclasstofile@0.0.1~watch: moveclasstofile@0.0.1
8 verbose lifecycle moveclasstofile@0.0.1~watch: unsafe-perm in lifecycle true
9 verbose lifecycle moveclasstofile@0.0.1~watch: PATH: /usr/local/lib/node_modules/npm/bin/node-gyp-bin:/Users/Craig/Documents/Projects/VSCodeExtension/moveclasstofile/node_modules/.bin:/Library/Frameworks/Python.framework/Versions/3.6/bin:/Users/Craig/Downloads/google-cloud-sdk/bin:/Users/Craig/.dnx/runtimes/dnx-mono.1.0.0-rc1-update1/bin:/usr/local/bin:/usr/bin:/bin:/usr/sbin:/sbin:/usr/local/share/dotnet:/Library/Frameworks/Mono.framework/Commands:/Library/Frameworks/Mono.framework/Versions/Current/Commands:/Library/Frameworks/Python.framework/Versions/3.6/bin:/Users/Craig/Downloads/google-cloud-sdk/bin:/Users/Craig/.dnx/bin:/Users/Craig/.rvm/bin
10 verbose lifecycle moveclasstofile@0.0.1~watch: CWD: /Users/Craig/Documents/Projects/VSCodeExtension/moveclasstofile
11 silly lifecycle moveclasstofile@0.0.1~watch: Args: [ '-c', 'tsc -watch -p ./' ]
12 silly lifecycle moveclasstofile@0.0.1~watch: Returned: code: 1  signal: null
13 info lifecycle moveclasstofile@0.0.1~watch: Failed to exec watch script
14 verbose stack Error: moveclasstofile@0.0.1 watch: `tsc -watch -p ./`
14 verbose stack Exit status 1
14 verbose stack     at EventEmitter.<anonymous> (/usr/local/lib/node_modules/npm/lib/utils/lifecycle.js:232:16)
14 verbose stack     at emitTwo (events.js:100:13)
14 verbose stack     at EventEmitter.emit (events.js:185:7)
14 verbose stack     at ChildProcess.<anonymous> (/usr/local/lib/node_modules/npm/lib/utils/spawn.js:24:14)
14 verbose stack     at emitTwo (events.js:100:13)
14 verbose stack     at ChildProcess.emit (events.js:185:7)
14 verbose stack     at maybeClose (internal/child_process.js:821:16)
14 verbose stack     at Process.ChildProcess._handle.onexit (internal/child_process.js:211:5)
15 verbose pkgid moveclasstofile@0.0.1
16 verbose cwd /Users/Craig/Documents/Projects/VSCodeExtension/moveclasstofile
17 error Darwin 16.7.0
18 error argv "/usr/local/Cellar/node/5.5.0/bin/node" "/usr/local/bin/npm" "run" "watch"
19 error node v5.5.0
20 error npm  v3.5.3
21 error code ELIFECYCLE
22 error moveclasstofile@0.0.1 watch: `tsc -watch -p ./`
22 error Exit status 1
23 error Failed at the moveclasstofile@0.0.1 watch script 'tsc -watch -p ./'.
23 error Make sure you have the latest version of node.js and npm installed.
23 error If you do, this is most likely a problem with the moveclasstofile package,
23 error not with npm itself.
23 error Tell the author that this fails on your system:
23 error     tsc -watch -p ./
23 error You can get information on how to open an issue for this project with:
23 error     npm bugs moveclasstofile
23 error Or if that isn't available, you can get their info via:
23 error     npm owner ls moveclasstofile
23 error There is likely additional logging output above.
24 verbose exit [ 1, true ]
